TimeQuest Timing Analyzer report for DE1_Basic_Computer
Tue May 12 11:47:34 2026
Quartus II 64-Bit Version 13.0.1 Build 232 06/12/2013 Service Pack 1 SJ Full Version


---------------------
; Table of Contents ;
---------------------
  1. Legal Notice
  2. TimeQuest Timing Analyzer Summary
  3. Parallel Compilation
  4. SDC File List
  5. Clocks
  6. Slow Model Fmax Summary
  7. Slow Model Setup Summary
  8. Slow Model Hold Summary
  9. Slow Model Recovery Summary
 10. Slow Model Removal Summary
 11. Slow Model Minimum Pulse Width Summary
 12. Slow Model Minimum Pulse Width: 'altera_reserved_tck'
 13. Slow Model Datasheet Report
 14. Fast Model Setup Summary
 15. Fast Model Hold Summary
 16. Fast Model Recovery Summary
 17. Fast Model Removal Summary
 18. Fast Model Minimum Pulse Width Summary
 19. Fast Model Minimum Pulse Width: 'altera_reserved_tck'
 20. Fast Model Datasheet Report
 21. Multicorner Timing Analysis Summary
 22. Clock Transfers
 23. Report TCCS
 24. Report RSKM
 25. Unconstrained Paths
 26. TimeQuest Timing Analyzer Messages



----------------
; Legal Notice ;
----------------
Copyright (C) 1991-2013 Altera Corporation
Your use of Altera Corporation's design tools, logic functions 
and other software and tools, and its AMPP partner logic 
functions, and any output files from any of the foregoing 
(including device programming or simulation files), and any 
associated documentation or information are expressly subject 
to the terms and conditions of the Altera Program License 
Subscription Agreement, Altera MegaCore Function License 
Agreement, or other applicable license agreement, including, 
without limitation, that your use is for the sole purpose of 
programming logic devices manufactured by Altera and sold by 
Altera or its authorized distributors.  Please refer to the 
applicable agreement for further details.



+-----------------------------------------------------------------------------------------+
; TimeQuest Timing Analyzer Summary                                                       ;
+--------------------+--------------------------------------------------------------------+
; Quartus II Version ; Version 13.0.1 Build 232 06/12/2013 Service Pack 1 SJ Full Version ;
; Revision Name      ; DE1_Basic_Computer                                                 ;
; Device Family      ; Cyclone II                                                         ;
; Device Name        ; EP2C20F484C7                                                       ;
; Timing Models      ; Final                                                              ;
; Delay Model        ; Combined                                                           ;
; Rise/Fall Delays   ; Unavailable                                                        ;
+--------------------+--------------------------------------------------------------------+


+------------------------------------------+
; Parallel Compilation                     ;
+----------------------------+-------------+
; Processors                 ; Number      ;
+----------------------------+-------------+
; Number detected on machine ; 24          ;
; Maximum allowed            ; 16          ;
;                            ;             ;
; Average used               ; 1.00        ;
; Maximum used               ; 1           ;
;                            ;             ;
; Usage by Processor         ; % Time Used ;
;     Processor 1            ; 100.0%      ;
;     Processors 2-24        ;   0.0%      ;
+----------------------------+-------------+


+--------------------------------------------------------------------------------------------------+
; SDC File List                                                                                    ;
+--------------------------------------------------------------+--------+--------------------------+
; SDC File Path                                                ; Status ; Read at                  ;
+--------------------------------------------------------------+--------+--------------------------+
; nios_system/synthesis/submodules/altera_reset_controller.sdc ; OK     ; Tue May 12 11:47:34 2026 ;
; nios_system/synthesis/submodules/nios_system_cpu.sdc         ; OK     ; Tue May 12 11:47:34 2026 ;
+--------------------------------------------------------------+--------+--------------------------+


+-----------------------------------------------------------------------------------------------------------------------------------------------------------------------------------------------------------+
; Clocks                                                                                                                                                                                                    ;
+---------------------+------+---------+-----------+-------+--------+------------+-----------+-------------+-------+--------+-----------+------------+----------+--------+--------+-------------------------+
; Clock Name          ; Type ; Period  ; Frequency ; Rise  ; Fall   ; Duty Cycle ; Divide by ; Multiply by ; Phase ; Offset ; Edge List ; Edge Shift ; Inverted ; Master ; Source ; Targets                 ;
+---------------------+------+---------+-----------+-------+--------+------------+-----------+-------------+-------+--------+-----------+------------+----------+--------+--------+-------------------------+
; altera_reserved_tck ; Base ; 100.000 ; 10.0 MHz  ; 0.000 ; 50.000 ;            ;           ;             ;       ;        ;           ;            ;          ;        ;        ; { altera_reserved_tck } ;
+---------------------+------+---------+-----------+-------+--------+------------+-----------+-------------+-------+--------+-----------+------------+----------+--------+--------+-------------------------+


---------------------------
; Slow Model Fmax Summary ;
---------------------------
No paths to report.


----------------------------
; Slow Model Setup Summary ;
----------------------------
No paths to report.


---------------------------
; Slow Model Hold Summary ;
---------------------------
No paths to report.


-------------------------------
; Slow Model Recovery Summary ;
-------------------------------
No paths to report.


------------------------------
; Slow Model Removal Summary ;
------------------------------
No paths to report.


+----------------------------------------------+
; Slow Model Minimum Pulse Width Summary       ;
+---------------------+--------+---------------+
; Clock               ; Slack  ; End Point TNS ;
+---------------------+--------+---------------+
; altera_reserved_tck ; 97.531 ; 0.000         ;
+---------------------+--------+---------------+


+-------------------------------------------------------------------------------------------------------------+
; Slow Model Minimum Pulse Width: 'altera_reserved_tck'                                                       ;
+--------+--------------+----------------+-----------+---------------------+------------+---------------------+
; Slack  ; Actual Width ; Required Width ; Type      ; Clock               ; Clock Edge ; Target              ;
+--------+--------------+----------------+-----------+---------------------+------------+---------------------+
; 97.531 ; 100.000      ; 2.469          ; Port Rate ; altera_reserved_tck ; Rise       ; altera_reserved_tck ;
+--------+--------------+----------------+-----------+---------------------+------------+---------------------+


-------------------------------
; Slow Model Datasheet Report ;
-------------------------------
Nothing to report.


----------------------------
; Fast Model Setup Summary ;
----------------------------
No paths to report.


---------------------------
; Fast Model Hold Summary ;
---------------------------
No paths to report.


-------------------------------
; Fast Model Recovery Summary ;
-------------------------------
No paths to report.


------------------------------
; Fast Model Removal Summary ;
------------------------------
No paths to report.


+----------------------------------------------+
; Fast Model Minimum Pulse Width Summary       ;
+---------------------+--------+---------------+
; Clock               ; Slack  ; End Point TNS ;
+---------------------+--------+---------------+
; altera_reserved_tck ; 97.778 ; 0.000         ;
+---------------------+--------+---------------+


+-------------------------------------------------------------------------------------------------------------+
; Fast Model Minimum Pulse Width: 'altera_reserved_tck'                                                       ;
+--------+--------------+----------------+-----------+---------------------+------------+---------------------+
; Slack  ; Actual Width ; Required Width ; Type      ; Clock               ; Clock Edge ; Target              ;
+--------+--------------+----------------+-----------+---------------------+------------+---------------------+
; 97.778 ; 100.000      ; 2.222          ; Port Rate ; altera_reserved_tck ; Rise       ; altera_reserved_tck ;
+--------+--------------+----------------+-----------+---------------------+------------+---------------------+


-------------------------------
; Fast Model Datasheet Report ;
-------------------------------
Nothing to report.


+--------------------------------------------------------------------------------+
; Multicorner Timing Analysis Summary                                            ;
+----------------------+-------+------+----------+---------+---------------------+
; Clock                ; Setup ; Hold ; Recovery ; Removal ; Minimum Pulse Width ;
+----------------------+-------+------+----------+---------+---------------------+
; Worst-case Slack     ; N/A   ; N/A  ; N/A      ; N/A     ; 97.531              ;
;  altera_reserved_tck ; N/A   ; N/A  ; N/A      ; N/A     ; 97.531              ;
; Design-wide TNS      ; 0.0   ; 0.0  ; 0.0      ; 0.0     ; 0.0                 ;
;  altera_reserved_tck ; N/A   ; N/A  ; N/A      ; N/A     ; 0.000               ;
+----------------------+-------+------+----------+---------+---------------------+


-------------------
; Clock Transfers ;
-------------------
Nothing to report.


---------------
; Report TCCS ;
---------------
No dedicated SERDES Transmitter circuitry present in device or used in design


---------------
; Report RSKM ;
---------------
No dedicated SERDES Receiver circuitry present in device or used in design


+------------------------------------------------+
; Unconstrained Paths                            ;
+---------------------------------+-------+------+
; Property                        ; Setup ; Hold ;
+---------------------------------+-------+------+
; Illegal Clocks                  ; 0     ; 0    ;
; Unconstrained Clocks            ; 1     ; 1    ;
; Unconstrained Input Ports       ; 0     ; 0    ;
; Unconstrained Input Port Paths  ; 0     ; 0    ;
; Unconstrained Output Ports      ; 28    ; 28   ;
; Unconstrained Output Port Paths ; 112   ; 112  ;
+---------------------------------+-------+------+


+------------------------------------+
; TimeQuest Timing Analyzer Messages ;
+------------------------------------+
Info (125069): Default assignment values were changed in the current version of the Quartus II software -- changes to default assignments values are contained in file c:/altera/13.0sp1/quartus/bin64/assignment_defaults.qdf
Info: *******************************************************************
Info: Running Quartus II 64-Bit TimeQuest Timing Analyzer
    Info: Version 13.0.1 Build 232 06/12/2013 Service Pack 1 SJ Full Version
    Info: Processing started: Tue May 12 11:47:25 2026
Info: Command: quartus_sta DE1_Basic_Computer -c DE1_Basic_Computer
Info: qsta_default_script.tcl version: #1
Warning (20013): Ignored assignments for entity "nios_system" -- entity does not exist in design
    Warning (20014): Assignment for entity set_global_assignment -name IP_TOOL_NAME Qsys -entity nios_system -qip nios_system/synthesis/nios_system.qip -library nios_system was ignored
    Warning (20014): Assignment for entity set_global_assignment -name IP_TOOL_VERSION 13.0sp1 -entity nios_system -qip nios_system/synthesis/nios_system.qip -library nios_system was ignored
    Warning (20014): Assignment for entity set_global_assignment -name IP_TOOL_ENV Qsys -entity nios_system -qip nios_system/synthesis/nios_system.qip -library nios_system was ignored
    Warning (20014): Assignment for entity set_global_assignment -name SLD_INFO "QSYS_NAME nios_system HAS_SOPCINFO 1 GENERATION_ID 1778577557" -entity nios_system -qip nios_system/synthesis/nios_system.qip -library nios_system was ignored
Warning (20013): Ignored assignments for entity "nios_system_Interval_timer" -- entity does not exist in design
    Warning (20014): Assignment for entity set_global_assignment -name IP_TOOL_NAME altera_avalon_timer -entity nios_system_Interval_timer -qip nios_system/synthesis/nios_system.qip -library nios_system was ignored
    Warning (20014): Assignment for entity set_global_assignment -name IP_TOOL_VERSION 13.0.1.99.2 -entity nios_system_Interval_timer -qip nios_system/synthesis/nios_system.qip -library nios_system was ignored
    Warning (20014): Assignment for entity set_global_assignment -name IP_TOOL_ENV Qsys -entity nios_system_Interval_timer -qip nios_system/synthesis/nios_system.qip -library nios_system was ignored
Warning (20013): Ignored assignments for entity "nios_system_JTAG_UART" -- entity does not exist in design
    Warning (20014): Assignment for entity set_global_assignment -name IP_TOOL_NAME altera_avalon_jtag_uart -entity nios_system_JTAG_UART -qip nios_system/synthesis/nios_system.qip -library nios_system was ignored
    Warning (20014): Assignment for entity set_global_assignment -name IP_TOOL_VERSION 13.0.1.99.2 -entity nios_system_JTAG_UART -qip nios_system/synthesis/nios_system.qip -library nios_system was ignored
    Warning (20014): Assignment for entity set_global_assignment -name IP_TOOL_ENV Qsys -entity nios_system_JTAG_UART -qip nios_system/synthesis/nios_system.qip -library nios_system was ignored
Warning (20013): Ignored assignments for entity "nios_system_Onchip_memory" -- entity does not exist in design
    Warning (20014): Assignment for entity set_global_assignment -name IP_TOOL_NAME altera_avalon_onchip_memory2 -entity nios_system_Onchip_memory -qip nios_system/synthesis/nios_system.qip -library nios_system was ignored
    Warning (20014): Assignment for entity set_global_assignment -name IP_TOOL_VERSION 13.0.1.99.2 -entity nios_system_Onchip_memory -qip nios_system/synthesis/nios_system.qip -library nios_system was ignored
    Warning (20014): Assignment for entity set_global_assignment -name IP_TOOL_ENV Qsys -entity nios_system_Onchip_memory -qip nios_system/synthesis/nios_system.qip -library nios_system was ignored
Warning (20013): Ignored assignments for entity "nios_system_addr_router" -- entity does not exist in design
    Warning (20014): Assignment for entity set_global_assignment -name IP_TOOL_NAME altera_merlin_router -entity nios_system_addr_router -qip nios_system/synthesis/nios_system.qip -library nios_system was ignored
    Warning (20014): Assignment for entity set_global_assignment -name IP_TOOL_VERSION 13.0 -entity nios_system_addr_router -qip nios_system/synthesis/nios_system.qip -library nios_system was ignored
    Warning (20014): Assignment for entity set_global_assignment -name IP_TOOL_ENV Qsys -entity nios_system_addr_router -qip nios_system/synthesis/nios_system.qip -library nios_system was ignored
Warning (20013): Ignored assignments for entity "nios_system_addr_router_001" -- entity does not exist in design
    Warning (20014): Assignment for entity set_global_assignment -name IP_TOOL_NAME altera_merlin_router -entity nios_system_addr_router_001 -qip nios_system/synthesis/nios_system.qip -library nios_system was ignored
    Warning (20014): Assignment for entity set_global_assignment -name IP_TOOL_VERSION 13.0 -entity nios_system_addr_router_001 -qip nios_system/synthesis/nios_system.qip -library nios_system was ignored
    Warning (20014): Assignment for entity set_global_assignment -name IP_TOOL_ENV Qsys -entity nios_system_addr_router_001 -qip nios_system/synthesis/nios_system.qip -library nios_system was ignored
Warning (20013): Ignored assignments for entity "nios_system_cmd_xbar_demux" -- entity does not exist in design
    Warning (20014): Assignment for entity set_global_assignment -name IP_TOOL_NAME altera_merlin_demultiplexer -entity nios_system_cmd_xbar_demux -qip nios_system/synthesis/nios_system.qip -library nios_system was ignored
    Warning (20014): Assignment for entity set_global_assignment -name IP_TOOL_VERSION 13.0 -entity nios_system_cmd_xbar_demux -qip nios_system/synthesis/nios_system.qip -library nios_system was ignored
    Warning (20014): Assignment for entity set_global_assignment -name IP_TOOL_ENV Qsys -entity nios_system_cmd_xbar_demux -qip nios_system/synthesis/nios_system.qip -library nios_system was ignored
Warning (20013): Ignored assignments for entity "nios_system_cmd_xbar_demux_001" -- entity does not exist in design
    Warning (20014): Assignment for entity set_global_assignment -name IP_TOOL_NAME altera_merlin_demultiplexer -entity nios_system_cmd_xbar_demux_001 -qip nios_system/synthesis/nios_system.qip -library nios_system was ignored
    Warning (20014): Assignment for entity set_global_assignment -name IP_TOOL_VERSION 13.0 -entity nios_system_cmd_xbar_demux_001 -qip nios_system/synthesis/nios_system.qip -library nios_system was ignored
    Warning (20014): Assignment for entity set_global_assignment -name IP_TOOL_ENV Qsys -entity nios_system_cmd_xbar_demux_001 -qip nios_system/synthesis/nios_system.qip -library nios_system was ignored
Warning (20013): Ignored assignments for entity "nios_system_cmd_xbar_mux" -- entity does not exist in design
    Warning (20014): Assignment for entity set_global_assignment -name IP_TOOL_NAME altera_merlin_multiplexer -entity nios_system_cmd_xbar_mux -qip nios_system/synthesis/nios_system.qip -library nios_system was ignored
    Warning (20014): Assignment for entity set_global_assignment -name IP_TOOL_VERSION 13.0 -entity nios_system_cmd_xbar_mux -qip nios_system/synthesis/nios_system.qip -library nios_system was ignored
    Warning (20014): Assignment for entity set_global_assignment -name IP_TOOL_ENV Qsys -entity nios_system_cmd_xbar_mux -qip nios_system/synthesis/nios_system.qip -library nios_system was ignored
Warning (20013): Ignored assignments for entity "nios_system_cpu" -- entity does not exist in design
    Warning (20014): Assignment for entity set_global_assignment -name IP_TOOL_NAME altera_nios2_qsys -entity nios_system_cpu -qip nios_system/synthesis/nios_system.qip -library nios_system was ignored
    Warning (20014): Assignment for entity set_global_assignment -name IP_TOOL_VERSION 13.0 -entity nios_system_cpu -qip nios_system/synthesis/nios_system.qip -library nios_system was ignored
    Warning (20014): Assignment for entity set_global_assignment -name IP_TOOL_ENV Qsys -entity nios_system_cpu -qip nios_system/synthesis/nios_system.qip -library nios_system was ignored
Warning (20013): Ignored assignments for entity "nios_system_id_router" -- entity does not exist in design
    Warning (20014): Assignment for entity set_global_assignment -name IP_TOOL_NAME altera_merlin_router -entity nios_system_id_router -qip nios_system/synthesis/nios_system.qip -library nios_system was ignored
    Warning (20014): Assignment for entity set_global_assignment -name IP_TOOL_VERSION 13.0 -entity nios_system_id_router -qip nios_system/synthesis/nios_system.qip -library nios_system was ignored
    Warning (20014): Assignment for entity set_global_assignment -name IP_TOOL_ENV Qsys -entity nios_system_id_router -qip nios_system/synthesis/nios_system.qip -library nios_system was ignored
Warning (20013): Ignored assignments for entity "nios_system_id_router_001" -- entity does not exist in design
    Warning (20014): Assignment for entity set_global_assignment -name IP_TOOL_NAME altera_merlin_router -entity nios_system_id_router_001 -qip nios_system/synthesis/nios_system.qip -library nios_system was ignored
    Warning (20014): Assignment for entity set_global_assignment -name IP_TOOL_VERSION 13.0 -entity nios_system_id_router_001 -qip nios_system/synthesis/nios_system.qip -library nios_system was ignored
    Warning (20014): Assignment for entity set_global_assignment -name IP_TOOL_ENV Qsys -entity nios_system_id_router_001 -qip nios_system/synthesis/nios_system.qip -library nios_system was ignored
Warning (20013): Ignored assignments for entity "nios_system_id_router_002" -- entity does not exist in design
    Warning (20014): Assignment for entity set_global_assignment -name IP_TOOL_NAME altera_merlin_router -entity nios_system_id_router_002 -qip nios_system/synthesis/nios_system.qip -library nios_system was ignored
    Warning (20014): Assignment for entity set_global_assignment -name IP_TOOL_VERSION 13.0 -entity nios_system_id_router_002 -qip nios_system/synthesis/nios_system.qip -library nios_system was ignored
    Warning (20014): Assignment for entity set_global_assignment -name IP_TOOL_ENV Qsys -entity nios_system_id_router_002 -qip nios_system/synthesis/nios_system.qip -library nios_system was ignored
Warning (20013): Ignored assignments for entity "nios_system_id_router_004" -- entity does not exist in design
    Warning (20014): Assignment for entity set_global_assignment -name IP_TOOL_NAME altera_merlin_router -entity nios_system_id_router_004 -qip nios_system/synthesis/nios_system.qip -library nios_system was ignored
    Warning (20014): Assignment for entity set_global_assignment -name IP_TOOL_VERSION 13.0 -entity nios_system_id_router_004 -qip nios_system/synthesis/nios_system.qip -library nios_system was ignored
    Warning (20014): Assignment for entity set_global_assignment -name IP_TOOL_ENV Qsys -entity nios_system_id_router_004 -qip nios_system/synthesis/nios_system.qip -library nios_system was ignored
Warning (20013): Ignored assignments for entity "nios_system_id_router_015" -- entity does not exist in design
    Warning (20014): Assignment for entity set_global_assignment -name IP_TOOL_NAME altera_merlin_router -entity nios_system_id_router_015 -qip nios_system/synthesis/nios_system.qip -library nios_system was ignored
    Warning (20014): Assignment for entity set_global_assignment -name IP_TOOL_VERSION 13.0 -entity nios_system_id_router_015 -qip nios_system/synthesis/nios_system.qip -library nios_system was ignored
    Warning (20014): Assignment for entity set_global_assignment -name IP_TOOL_ENV Qsys -entity nios_system_id_router_015 -qip nios_system/synthesis/nios_system.qip -library nios_system was ignored
Warning (20013): Ignored assignments for entity "nios_system_irq_mapper" -- entity does not exist in design
    Warning (20014): Assignment for entity set_global_assignment -name IP_TOOL_NAME altera_irq_mapper -entity nios_system_irq_mapper -qip nios_system/synthesis/nios_system.qip -library nios_system was ignored
    Warning (20014): Assignment for entity set_global_assignment -name IP_TOOL_VERSION 13.0 -entity nios_system_irq_mapper -qip nios_system/synthesis/nios_system.qip -library nios_system was ignored
    Warning (20014): Assignment for entity set_global_assignment -name IP_TOOL_ENV Qsys -entity nios_system_irq_mapper -qip nios_system/synthesis/nios_system.qip -library nios_system was ignored
Warning (20013): Ignored assignments for entity "nios_system_rsp_xbar_demux" -- entity does not exist in design
    Warning (20014): Assignment for entity set_global_assignment -name IP_TOOL_NAME altera_merlin_demultiplexer -entity nios_system_rsp_xbar_demux -qip nios_system/synthesis/nios_system.qip -library nios_system was ignored
    Warning (20014): Assignment for entity set_global_assignment -name IP_TOOL_VERSION 13.0 -entity nios_system_rsp_xbar_demux -qip nios_system/synthesis/nios_system.qip -library nios_system was ignored
    Warning (20014): Assignment for entity set_global_assignment -name IP_TOOL_ENV Qsys -entity nios_system_rsp_xbar_demux -qip nios_system/synthesis/nios_system.qip -library nios_system was ignored
Warning (20013): Ignored assignments for entity "nios_system_rsp_xbar_demux_001" -- entity does not exist in design
    Warning (20014): Assignment for entity set_global_assignment -name IP_TOOL_NAME altera_merlin_demultiplexer -entity nios_system_rsp_xbar_demux_001 -qip nios_system/synthesis/nios_system.qip -library nios_system was ignored
    Warning (20014): Assignment for entity set_global_assignment -name IP_TOOL_VERSION 13.0 -entity nios_system_rsp_xbar_demux_001 -qip nios_system/synthesis/nios_system.qip -library nios_system was ignored
    Warning (20014): Assignment for entity set_global_assignment -name IP_TOOL_ENV Qsys -entity nios_system_rsp_xbar_demux_001 -qip nios_system/synthesis/nios_system.qip -library nios_system was ignored
Warning (20013): Ignored assignments for entity "nios_system_rsp_xbar_mux" -- entity does not exist in design
    Warning (20014): Assignment for entity set_global_assignment -name IP_TOOL_NAME altera_merlin_multiplexer -entity nios_system_rsp_xbar_mux -qip nios_system/synthesis/nios_system.qip -library nios_system was ignored
    Warning (20014): Assignment for entity set_global_assignment -name IP_TOOL_VERSION 13.0 -entity nios_system_rsp_xbar_mux -qip nios_system/synthesis/nios_system.qip -library nios_system was ignored
    Warning (20014): Assignment for entity set_global_assignment -name IP_TOOL_ENV Qsys -entity nios_system_rsp_xbar_mux -qip nios_system/synthesis/nios_system.qip -library nios_system was ignored
Warning (20013): Ignored assignments for entity "nios_system_rsp_xbar_mux_001" -- entity does not exist in design
    Warning (20014): Assignment for entity set_global_assignment -name IP_TOOL_NAME altera_merlin_multiplexer -entity nios_system_rsp_xbar_mux_001 -qip nios_system/synthesis/nios_system.qip -library nios_system was ignored
    Warning (20014): Assignment for entity set_global_assignment -name IP_TOOL_VERSION 13.0 -entity nios_system_rsp_xbar_mux_001 -qip nios_system/synthesis/nios_system.qip -library nios_system was ignored
    Warning (20014): Assignment for entity set_global_assignment -name IP_TOOL_ENV Qsys -entity nios_system_rsp_xbar_mux_001 -qip nios_system/synthesis/nios_system.qip -library nios_system was ignored
Warning (20013): Ignored assignments for entity "nios_system_sdram" -- entity does not exist in design
    Warning (20014): Assignment for entity set_global_assignment -name IP_TOOL_NAME altera_avalon_new_sdram_controller -entity nios_system_sdram -qip nios_system/synthesis/nios_system.qip -library nios_system was ignored
    Warning (20014): Assignment for entity set_global_assignment -name IP_TOOL_VERSION 13.0.1.99.2 -entity nios_system_sdram -qip nios_system/synthesis/nios_system.qip -library nios_system was ignored
    Warning (20014): Assignment for entity set_global_assignment -name IP_TOOL_ENV Qsys -entity nios_system_sdram -qip nios_system/synthesis/nios_system.qip -library nios_system was ignored
Info (11104): Parallel Compilation has detected 24 hyper-threaded processors. However, the extra hyper-threaded processors will not be used by default. Parallel Compilation will use 16 of the 16 physical processors detected instead.
Info (21077): Low junction temperature is 0 degrees C
Info (21077): High junction temperature is 85 degrees C
Info (332164): Evaluating HDL-embedded SDC commands
    Info (332165): Entity alt_jtag_atlantic
        Info (332166): set_false_path -from [get_registers {*|alt_jtag_atlantic:*|jupdate}] -to [get_registers {*|alt_jtag_atlantic:*|jupdate1*}] 
        Info (332166): set_false_path -from [get_registers {*|alt_jtag_atlantic:*|rdata[*]}] -to [get_registers {*|alt_jtag_atlantic*|td_shift[*]}]
        Info (332166): set_false_path -from [get_registers {*|alt_jtag_atlantic:*|rdata[*]}] -to [get_registers {*|alt_jtag_atlantic*|td_shift[*]}]
        Info (332166): set_false_path -from [get_registers {*|alt_jtag_atlantic:*|rdata[*]}] -to [get_registers {*|alt_jtag_atlantic*|td_shift[*]}]
        Info (332166): set_false_path -from [get_registers {*|alt_jtag_atlantic:*|rdata[*]}] -to [get_registers {*|alt_jtag_atlantic*|td_shift[*]}]
        Info (332166): set_false_path -from [get_registers {*|alt_jtag_atlantic:*|rdata[*]}] -to [get_registers {*|alt_jtag_atlantic*|td_shift[*]}]
        Info (332166): set_false_path -from [get_registers {*|alt_jtag_atlantic:*|rdata[*]}] -to [get_registers {*|alt_jtag_atlantic*|td_shift[*]}]
        Info (332166): set_false_path -from [get_registers {*|alt_jtag_atlantic:*|rdata[*]}] -to [get_registers {*|alt_jtag_atlantic*|td_shift[*]}]
        Info (332166): set_false_path -from [get_registers {*|alt_jtag_atlantic:*|rdata[*]}] -to [get_registers {*|alt_jtag_atlantic*|td_shift[*]}]
        Info (332166): set_false_path -from [get_registers {*|alt_jtag_atlantic:*|read}] -to [get_registers {*|alt_jtag_atlantic:*|read1*}] 
        Info (332166): set_false_path -from [get_registers {*|alt_jtag_atlantic:*|read_req}]
        Info (332166): set_false_path -from [get_registers {*|alt_jtag_atlantic:*|rvalid}] -to [get_registers {*|alt_jtag_atlantic*|td_shift[*]}]
        Info (332166): set_false_path -from [get_registers {*|t_dav}] -to [get_registers {*|alt_jtag_atlantic:*|tck_t_dav}]
        Info (332166): set_false_path -from [get_registers {*|alt_jtag_atlantic:*|user_saw_rvalid}] -to [get_registers {*|alt_jtag_atlantic:*|rvalid0*}]
        Info (332166): set_false_path -from [get_registers {*|alt_jtag_atlantic:*|wdata[*]}] -to [get_registers {*}]
        Info (332166): set_false_path -from [get_registers {*|alt_jtag_atlantic:*|wdata[*]}] -to [get_registers {*}]
        Info (332166): set_false_path -from [get_registers {*|alt_jtag_atlantic:*|wdata[*]}] -to [get_registers {*}]
        Info (332166): set_false_path -from [get_registers {*|alt_jtag_atlantic:*|wdata[*]}] -to [get_registers {*}]
        Info (332166): set_false_path -from [get_registers {*|alt_jtag_atlantic:*|wdata[*]}] -to [get_registers {*}]
        Info (332166): set_false_path -from [get_registers {*|alt_jtag_atlantic:*|wdata[*]}] -to [get_registers {*}]
        Info (332166): set_false_path -from [get_registers {*|alt_jtag_atlantic:*|wdata[*]}] -to [get_registers {*}]
        Info (332166): set_false_path -from [get_registers {*|alt_jtag_atlantic:*|wdata[*]}] -to [get_registers {*}]
        Info (332166): set_false_path -from [get_registers {*|alt_jtag_atlantic:*|write}] -to [get_registers {*|alt_jtag_atlantic:*|write1*}] 
        Info (332166): set_false_path -from [get_registers {*|alt_jtag_atlantic:*|write_stalled}] -to [get_registers {*|alt_jtag_atlantic:*|t_ena*}]
        Info (332166): set_false_path -from [get_registers {*|alt_jtag_atlantic:*|write_stalled}] -to [get_registers {*|alt_jtag_atlantic:*|t_pause*}]
        Info (332166): set_false_path -from [get_registers {*|alt_jtag_atlantic:*|write_valid}]
    Info (332165): Entity altera_std_synchronizer
        Info (332166): set_false_path -to [get_keepers {*altera_std_synchronizer:*|din_s1}]
    Info (332165): Entity sld_jtag_hub
        Info (332166): create_clock -name altera_reserved_tck [get_ports {altera_reserved_tck}] -period 10MHz   
        Info (332166): set_clock_groups -asynchronous -group {altera_reserved_tck}
Info (332104): Reading SDC File: 'nios_system/synthesis/submodules/altera_reset_controller.sdc'
Info (332104): Reading SDC File: 'nios_system/synthesis/submodules/nios_system_cpu.sdc'
Warning (332174): Ignored filter at nios_system_cpu.sdc(46): *nios_system_cpu:*|nios_system_cpu_nios2_oci:the_nios_system_cpu_nios2_oci|nios_system_cpu_nios2_oci_break:the_nios_system_cpu_nios2_oci_break|break_readreg* could not be matched with a keeper
Warning (332174): Ignored filter at nios_system_cpu.sdc(46): *nios_system_cpu:*|nios_system_cpu_nios2_oci:the_nios_system_cpu_nios2_oci|nios_system_cpu_jtag_debug_module_wrapper:the_nios_system_cpu_jtag_debug_module_wrapper|nios_system_cpu_jtag_debug_module_tck:the_nios_system_cpu_jtag_debug_module_tck|*sr* could not be matched with a keeper
Warning (332049): Ignored set_false_path at nios_system_cpu.sdc(46): Argument <from> is an empty collection
    Info (332050): set_false_path -from [get_keepers *$nios_system_cpu_oci_break_path|break_readreg*] -to [get_keepers *$nios_system_cpu_jtag_sr*]
Warning (332049): Ignored set_false_path at nios_system_cpu.sdc(46): Argument <to> is an empty collection
Warning (332174): Ignored filter at nios_system_cpu.sdc(47): *nios_system_cpu:*|nios_system_cpu_nios2_oci:the_nios_system_cpu_nios2_oci|nios_system_cpu_nios2_oci_debug:the_nios_system_cpu_nios2_oci_debug|*resetlatch could not be matched with a keeper
Warning (332174): Ignored filter at nios_system_cpu.sdc(47): *nios_system_cpu:*|nios_system_cpu_nios2_oci:the_nios_system_cpu_nios2_oci|nios_system_cpu_jtag_debug_module_wrapper:the_nios_system_cpu_jtag_debug_module_wrapper|nios_system_cpu_jtag_debug_module_tck:the_nios_system_cpu_jtag_debug_module_tck|*sr[33] could not be matched with a keeper
Warning (332049): Ignored set_false_path at nios_system_cpu.sdc(47): Argument <from> is an empty collection
    Info (332050): set_false_path -from [get_keepers *$nios_system_cpu_oci_debug_path|*resetlatch]     -to [get_keepers *$nios_system_cpu_jtag_sr[33]]
Warning (332049): Ignored set_false_path at nios_system_cpu.sdc(47): Argument <to> is an empty collection
Warning (332174): Ignored filter at nios_system_cpu.sdc(48): *nios_system_cpu:*|nios_system_cpu_nios2_oci:the_nios_system_cpu_nios2_oci|nios_system_cpu_nios2_oci_debug:the_nios_system_cpu_nios2_oci_debug|monitor_ready could not be matched with a keeper
Warning (332174): Ignored filter at nios_system_cpu.sdc(48): *nios_system_cpu:*|nios_system_cpu_nios2_oci:the_nios_system_cpu_nios2_oci|nios_system_cpu_jtag_debug_module_wrapper:the_nios_system_cpu_jtag_debug_module_wrapper|nios_system_cpu_jtag_debug_module_tck:the_nios_system_cpu_jtag_debug_module_tck|*sr[0] could not be matched with a keeper
Warning (332049): Ignored set_false_path at nios_system_cpu.sdc(48): Argument <from> is an empty collection
    Info (332050): set_false_path -from [get_keepers *$nios_system_cpu_oci_debug_path|monitor_ready]  -to [get_keepers *$nios_system_cpu_jtag_sr[0]]
Warning (332049): Ignored set_false_path at nios_system_cpu.sdc(48): Argument <to> is an empty collection
Warning (332174): Ignored filter at nios_system_cpu.sdc(49): *nios_system_cpu:*|nios_system_cpu_nios2_oci:the_nios_system_cpu_nios2_oci|nios_system_cpu_nios2_oci_debug:the_nios_system_cpu_nios2_oci_debug|monitor_error could not be matched with a keeper
Warning (332174): Ignored filter at nios_system_cpu.sdc(49): *nios_system_cpu:*|nios_system_cpu_nios2_oci:the_nios_system_cpu_nios2_oci|nios_system_cpu_jtag_debug_module_wrapper:the_nios_system_cpu_jtag_debug_module_wrapper|nios_system_cpu_jtag_debug_module_tck:the_nios_system_cpu_jtag_debug_module_tck|*sr[34] could not be matched with a keeper
Warning (332049): Ignored set_false_path at nios_system_cpu.sdc(49): Argument <from> is an empty collection
    Info (332050): set_false_path -from [get_keepers *$nios_system_cpu_oci_debug_path|monitor_error]  -to [get_keepers *$nios_system_cpu_jtag_sr[34]]
Warning (332049): Ignored set_false_path at nios_system_cpu.sdc(49): Argument <to> is an empty collection
Warning (332174): Ignored filter at nios_system_cpu.sdc(50): *nios_system_cpu:*|nios_system_cpu_nios2_oci:the_nios_system_cpu_nios2_oci|nios_system_cpu_nios2_ocimem:the_nios_system_cpu_nios2_ocimem|*MonDReg* could not be matched with a keeper
Warning (332049): Ignored set_false_path at nios_system_cpu.sdc(50): Argument <from> is an empty collection
    Info (332050): set_false_path -from [get_keepers *$nios_system_cpu_ocimem_path|*MonDReg*] -to [get_keepers *$nios_system_cpu_jtag_sr*]
Warning (332049): Ignored set_false_path at nios_system_cpu.sdc(50): Argument <to> is an empty collection
Warning (332174): Ignored filter at nios_system_cpu.sdc(51): *nios_system_cpu:*|nios_system_cpu_nios2_oci:the_nios_system_cpu_nios2_oci|nios_system_cpu_jtag_debug_module_wrapper:the_nios_system_cpu_jtag_debug_module_wrapper|nios_system_cpu_jtag_debug_module_tck:the_nios_system_cpu_jtag_debug_module_tck|*sr* could not be matched with a clock or keeper or register or port or pin or cell or partition
Warning (332174): Ignored filter at nios_system_cpu.sdc(51): *nios_system_cpu:*|nios_system_cpu_nios2_oci:the_nios_system_cpu_nios2_oci|nios_system_cpu_jtag_debug_module_wrapper:the_nios_system_cpu_jtag_debug_module_wrapper|nios_system_cpu_jtag_debug_module_sysclk:the_nios_system_cpu_jtag_debug_module_sysclk|*jdo* could not be matched with a clock or keeper or register or port or pin or cell or partition
Warning (332049): Ignored set_false_path at nios_system_cpu.sdc(51): Argument <from> is not an object ID
    Info (332050): set_false_path -from *$nios_system_cpu_jtag_sr*    -to *$nios_system_cpu_jtag_sysclk_path|*jdo*
Warning (332049): Ignored set_false_path at nios_system_cpu.sdc(51): Argument <to> is not an object ID
Warning (332174): Ignored filter at nios_system_cpu.sdc(52): *nios_system_cpu:*|nios_system_cpu_nios2_oci:the_nios_system_cpu_nios2_oci|nios_system_cpu_jtag_debug_module_wrapper:the_nios_system_cpu_jtag_debug_module_wrapper|nios_system_cpu_jtag_debug_module_sysclk:the_nios_system_cpu_jtag_debug_module_sysclk|ir* could not be matched with a clock or keeper or register or port or pin or cell or partition
Warning (332049): Ignored set_false_path at nios_system_cpu.sdc(52): Argument <to> is not an object ID
    Info (332050): set_false_path -from sld_hub:*|irf_reg* -to *$nios_system_cpu_jtag_sysclk_path|ir*
Warning (332174): Ignored filter at nios_system_cpu.sdc(53): *nios_system_cpu:*|nios_system_cpu_nios2_oci:the_nios_system_cpu_nios2_oci|nios_system_cpu_nios2_oci_debug:the_nios_system_cpu_nios2_oci_debug|monitor_go could not be matched with a clock or keeper or register or port or pin or cell or partition
Warning (332049): Ignored set_false_path at nios_system_cpu.sdc(53): Argument <to> is not an object ID
    Info (332050): set_false_path -from sld_hub:*|sld_shadow_jsm:shadow_jsm|state[1] -to *$nios_system_cpu_oci_debug_path|monitor_go
Warning (332060): Node: CLOCK_50 was determined to be a clock but was found without an associated clock assignment.
Info: Found TIMEQUEST_REPORT_SCRIPT_INCLUDE_DEFAULT_ANALYSIS = ON
Info: Analyzing Slow Model
Info (332140): No fmax paths to report
Info (332140): No Setup paths to report
Info (332140): No Hold paths to report
Info (332140): No Recovery paths to report
Info (332140): No Removal paths to report
Info (332146): Worst-case minimum pulse width slack is 97.531
    Info (332119):     Slack End Point TNS Clock 
    Info (332119): ========= ============= =====================
    Info (332119):    97.531         0.000 altera_reserved_tck 
Info (332001): The selected device family is not supported by the report_metastability command.
Info: Analyzing Fast Model
Warning (332060): Node: CLOCK_50 was determined to be a clock but was found without an associated clock assignment.
Info (332140): No Setup paths to report
Info (332140): No Hold paths to report
Info (332140): No Recovery paths to report
Info (332140): No Removal paths to report
Info (332146): Worst-case minimum pulse width slack is 97.778
    Info (332119):     Slack End Point TNS Clock 
    Info (332119): ========= ============= =====================
    Info (332119):    97.778         0.000 altera_reserved_tck 
Info (332001): The selected device family is not supported by the report_metastability command.
Info (332102): Design is not fully constrained for setup requirements
Info (332102): Design is not fully constrained for hold requirements
Info: Quartus II 64-Bit TimeQuest Timing Analyzer was successful. 0 errors, 114 warnings
    Info: Peak virtual memory: 4651 megabytes
    Info: Processing ended: Tue May 12 11:47:34 2026
    Info: Elapsed time: 00:00:09
    Info: Total CPU time (on all processors): 00:00:01


