Info: Starting: Create block symbol file (.bsf)
Info: ip-generate --project-directory="C:/Users/jdouble/Documents/TP_Systeme OnShip/DE1_Basic_Computer/vhdl/" --output-directory="C:/Users/jdouble/Documents/TP_Systeme OnShip/DE1_Basic_Computer/vhdl/embedded_system/" --report-file="bsf:C:/Users/jdouble/Documents/TP_Systeme OnShip/DE1_Basic_Computer/vhdl/embedded_system.bsf" --system-info=DEVICE_FAMILY="Cyclone II" --system-info=DEVICE=EP2C20F484C7 --system-info=DEVICE_SPEEDGRADE=7 --component-file="C:/Users/jdouble/Documents/TP_Systeme OnShip/DE1_Basic_Computer/vhdl/embedded_system.qsys"
Progress: Loading vhdl/embedded_system.qsys
Progress: Reading input file
Progress: Adding clk [clock_source 13.0]
Progress: Parameterizing module clk
Progress: Adding Onchip_memory [altera_avalon_onchip_memory2 13.0.1.99.2]
Progress: Parameterizing module Onchip_memory
Progress: Adding JTAG_UART [altera_avalon_jtag_uart 13.0.1.99.2]
Progress: Parameterizing module JTAG_UART
Progress: Adding Interval_timer [altera_avalon_timer 13.0.1.99.2]
Progress: Parameterizing module Interval_timer
Progress: Adding sdram [altera_avalon_new_sdram_controller 13.0.1.99.2]
Progress: Parameterizing module sdram
Progress: Adding Red_LEDs [altera_up_avalon_parallel_port 13.0]
Progress: Parameterizing module Red_LEDs
Progress: Adding Green_LEDs [altera_up_avalon_parallel_port 13.0]
Progress: Parameterizing module Green_LEDs
Progress: Adding HEX3_HEX0 [altera_up_avalon_parallel_port 13.0]
Progress: Parameterizing module HEX3_HEX0
Progress: Adding Slider_switches [altera_up_avalon_parallel_port 13.0]
Progress: Parameterizing module Slider_switches
Progress: Adding Pushbuttons [altera_up_avalon_parallel_port 13.0]
Progress: Parameterizing module Pushbuttons
Progress: Adding Expansion_JP1 [altera_up_avalon_parallel_port 13.0]
Progress: Parameterizing module Expansion_JP1
Progress: Adding Expansion_JP2 [altera_up_avalon_parallel_port 13.0]
Progress: Parameterizing module Expansion_JP2
Progress: Adding Serial_port [altera_up_avalon_rs232 13.0]
Progress: Parameterizing module Serial_port
Progress: Adding SRAM [altera_up_avalon_sram 13.0]
Progress: Parameterizing module SRAM
Progress: Adding cpu [altera_nios2_qsys 13.0]
Progress: Parameterizing module cpu
Progress: Adding reg16_avalon_interface_0 [reg16_avalon_interface 1.0]
Progress: Parameterizing module reg16_avalon_interface_0
Progress: Building connections
Progress: Parameterizing connections
Progress: Validating
Progress: Done reading input file
Info: embedded_system.cpu: CPUID control register value is 0. Please manually assign CPUID if creating multiple Nios II system
Info: ip-generate succeeded.
Info: Finished: Create block symbol file (.bsf)
Info: 
Info: Starting: Create HDL design files for synthesis
Info: ip-generate --project-directory="C:/Users/jdouble/Documents/TP_Systeme OnShip/DE1_Basic_Computer/vhdl/" --output-directory="C:/Users/jdouble/Documents/TP_Systeme OnShip/DE1_Basic_Computer/vhdl/embedded_system/synthesis/" --file-set=QUARTUS_SYNTH --report-file="sopcinfo:C:/Users/jdouble/Documents/TP_Systeme OnShip/DE1_Basic_Computer/vhdl/embedded_system.sopcinfo" --report-file="html:C:/Users/jdouble/Documents/TP_Systeme OnShip/DE1_Basic_Computer/vhdl/embedded_system.html" --report-file="qip:C:/Users/jdouble/Documents/TP_Systeme OnShip/DE1_Basic_Computer/vhdl/embedded_system/synthesis/embedded_system.qip" --report-file="cmp:C:/Users/jdouble/Documents/TP_Systeme OnShip/DE1_Basic_Computer/vhdl/embedded_system.cmp" --report-file=svd --system-info=DEVICE_FAMILY="Cyclone II" --system-info=DEVICE=EP2C20F484C7 --system-info=DEVICE_SPEEDGRADE=7 --component-file="C:/Users/jdouble/Documents/TP_Systeme OnShip/DE1_Basic_Computer/vhdl/embedded_system.qsys" --language=VHDL
Progress: Loading vhdl/embedded_system.qsys
Progress: Reading input file
Progress: Adding clk [clock_source 13.0]
Progress: Parameterizing module clk
Progress: Adding Onchip_memory [altera_avalon_onchip_memory2 13.0.1.99.2]
Progress: Parameterizing module Onchip_memory
Progress: Adding JTAG_UART [altera_avalon_jtag_uart 13.0.1.99.2]
Progress: Parameterizing module JTAG_UART
Progress: Adding Interval_timer [altera_avalon_timer 13.0.1.99.2]
Progress: Parameterizing module Interval_timer
Progress: Adding sdram [altera_avalon_new_sdram_controller 13.0.1.99.2]
Progress: Parameterizing module sdram
Progress: Adding Red_LEDs [altera_up_avalon_parallel_port 13.0]
Progress: Parameterizing module Red_LEDs
Progress: Adding Green_LEDs [altera_up_avalon_parallel_port 13.0]
Progress: Parameterizing module Green_LEDs
Progress: Adding HEX3_HEX0 [altera_up_avalon_parallel_port 13.0]
Progress: Parameterizing module HEX3_HEX0
Progress: Adding Slider_switches [altera_up_avalon_parallel_port 13.0]
Progress: Parameterizing module Slider_switches
Progress: Adding Pushbuttons [altera_up_avalon_parallel_port 13.0]
Progress: Parameterizing module Pushbuttons
Progress: Adding Expansion_JP1 [altera_up_avalon_parallel_port 13.0]
Progress: Parameterizing module Expansion_JP1
Progress: Adding Expansion_JP2 [altera_up_avalon_parallel_port 13.0]
Progress: Parameterizing module Expansion_JP2
Progress: Adding Serial_port [altera_up_avalon_rs232 13.0]
Progress: Parameterizing module Serial_port
Progress: Adding SRAM [altera_up_avalon_sram 13.0]
Progress: Parameterizing module SRAM
Progress: Adding cpu [altera_nios2_qsys 13.0]
Progress: Parameterizing module cpu
Progress: Adding reg16_avalon_interface_0 [reg16_avalon_interface 1.0]
Progress: Parameterizing module reg16_avalon_interface_0
Progress: Building connections
Progress: Parameterizing connections
Progress: Validating
Progress: Done reading input file
Info: embedded_system.cpu: CPUID control register value is 0. Please manually assign CPUID if creating multiple Nios II system
Info: embedded_system: Generating embedded_system "embedded_system" for QUARTUS_SYNTH
Info: pipeline_bridge_swap_transform: After transform: 16 modules, 72 connections
Info: No custom instruction connections, skipping transform 
Info: merlin_translator_transform: After transform: 34 modules, 143 connections
Info: merlin_domain_transform: After transform: 71 modules, 387 connections
Info: merlin_router_transform: After transform: 89 modules, 458 connections
Info: merlin_burst_transform: After transform: 92 modules, 469 connections
Info: reset_adaptation_transform: After transform: 93 modules, 370 connections
Info: merlin_network_to_switch_transform: After transform: 128 modules, 444 connections
Info: merlin_width_transform: After transform: 134 modules, 462 connections
Info: merlin_mm_transform: After transform: 134 modules, 462 connections
Info: merlin_interrupt_mapper_transform: After transform: 135 modules, 465 connections
Warning: embedded_system: "No matching role found for rst_controller:reset_out:reset_req (reset_req)"
Warning: embedded_system: "No matching role found for rst_controller:reset_out:reset_req (reset_req)"
Warning: embedded_system: "No matching role found for rst_controller:reset_out:reset_req (reset_req)"
Warning: embedded_system: "No matching role found for rst_controller:reset_out:reset_req (reset_req)"
Warning: embedded_system: "No matching role found for rst_controller:reset_out:reset_req (reset_req)"
Warning: embedded_system: "No matching role found for rst_controller:reset_out:reset_req (reset_req)"
Warning: embedded_system: "No matching role found for rst_controller:reset_out:reset_req (reset_req)"
Warning: embedded_system: "No matching role found for rst_controller:reset_out:reset_req (reset_req)"
Warning: embedded_system: "No matching role found for rst_controller:reset_out:reset_req (reset_req)"
Warning: embedded_system: "No matching role found for rst_controller:reset_out:reset_req (reset_req)"
Warning: embedded_system: "No matching role found for rst_controller:reset_out:reset_req (reset_req)"
Warning: embedded_system: "No matching role found for rst_controller:reset_out:reset_req (reset_req)"
Warning: embedded_system: "No matching role found for rst_controller:reset_out:reset_req (reset_req)"
Warning: embedded_system: "No matching role found for rst_controller:reset_out:reset_req (reset_req)"
Warning: embedded_system: "No matching role found for rst_controller:reset_out:reset_req (reset_req)"
Warning: embedded_system: "No matching role found for rst_controller:reset_out:reset_req (reset_req)"
Warning: embedded_system: "No matching role found for rst_controller:reset_out:reset_req (reset_req)"
Warning: embedded_system: "No matching role found for rst_controller:reset_out:reset_req (reset_req)"
Warning: embedded_system: "No matching role found for rst_controller:reset_out:reset_req (reset_req)"
Warning: embedded_system: "No matching role found for rst_controller:reset_out:reset_req (reset_req)"
Warning: embedded_system: "No matching role found for rst_controller:reset_out:reset_req (reset_req)"
Warning: embedded_system: "No matching role found for rst_controller:reset_out:reset_req (reset_req)"
Warning: embedded_system: "No matching role found for rst_controller:reset_out:reset_req (reset_req)"
Warning: embedded_system: "No matching role found for rst_controller:reset_out:reset_req (reset_req)"
Warning: embedded_system: "No matching role found for rst_controller:reset_out:reset_req (reset_req)"
Warning: embedded_system: "No matching role found for rst_controller:reset_out:reset_req (reset_req)"
Warning: embedded_system: "No matching role found for rst_controller:reset_out:reset_req (reset_req)"
Warning: embedded_system: "No matching role found for rst_controller:reset_out:reset_req (reset_req)"
Warning: embedded_system: "No matching role found for rst_controller:reset_out:reset_req (reset_req)"
Warning: embedded_system: "No matching role found for rst_controller:reset_out:reset_req (reset_req)"
Warning: embedded_system: "No matching role found for rst_controller:reset_out:reset_req (reset_req)"
Warning: embedded_system: "No matching role found for rst_controller:reset_out:reset_req (reset_req)"
Warning: embedded_system: "No matching role found for rst_controller:reset_out:reset_req (reset_req)"
Warning: embedded_system: "No matching role found for rst_controller:reset_out:reset_req (reset_req)"
Warning: embedded_system: "No matching role found for rst_controller:reset_out:reset_req (reset_req)"
Warning: embedded_system: "No matching role found for rst_controller:reset_out:reset_req (reset_req)"
Warning: embedded_system: "No matching role found for rst_controller:reset_out:reset_req (reset_req)"
Warning: embedded_system: "No matching role found for rst_controller:reset_out:reset_req (reset_req)"
Warning: embedded_system: "No matching role found for rst_controller:reset_out:reset_req (reset_req)"
Warning: embedded_system: "No matching role found for rst_controller:reset_out:reset_req (reset_req)"
Warning: embedded_system: "No matching role found for rst_controller:reset_out:reset_req (reset_req)"
Warning: embedded_system: "No matching role found for rst_controller:reset_out:reset_req (reset_req)"
Warning: embedded_system: "No matching role found for rst_controller:reset_out:reset_req (reset_req)"
Warning: embedded_system: "No matching role found for rst_controller:reset_out:reset_req (reset_req)"
Warning: embedded_system: "No matching role found for rst_controller:reset_out:reset_req (reset_req)"
Warning: embedded_system: "No matching role found for rst_controller:reset_out:reset_req (reset_req)"
Warning: embedded_system: "No matching role found for rst_controller:reset_out:reset_req (reset_req)"
Warning: embedded_system: "No matching role found for rst_controller:reset_out:reset_req (reset_req)"
Warning: embedded_system: "No matching role found for rst_controller:reset_out:reset_req (reset_req)"
Warning: embedded_system: "No matching role found for rst_controller:reset_out:reset_req (reset_req)"
Warning: embedded_system: "No matching role found for rst_controller:reset_out:reset_req (reset_req)"
Warning: embedded_system: "No matching role found for rst_controller:reset_out:reset_req (reset_req)"
Warning: embedded_system: "No matching role found for rst_controller:reset_out:reset_req (reset_req)"
Warning: embedded_system: "No matching role found for rst_controller:reset_out:reset_req (reset_req)"
Warning: embedded_system: "No matching role found for rst_controller:reset_out:reset_req (reset_req)"
Warning: embedded_system: "No matching role found for rst_controller:reset_out:reset_req (reset_req)"
Warning: embedded_system: "No matching role found for rst_controller:reset_out:reset_req (reset_req)"
Warning: embedded_system: "No matching role found for rst_controller:reset_out:reset_req (reset_req)"
Warning: embedded_system: "No matching role found for rst_controller:reset_out:reset_req (reset_req)"
Warning: embedded_system: "No matching role found for rst_controller:reset_out:reset_req (reset_req)"
Warning: embedded_system: "No matching role found for rst_controller:reset_out:reset_req (reset_req)"
Warning: embedded_system: "No matching role found for rst_controller:reset_out:reset_req (reset_req)"
Warning: embedded_system: "No matching role found for rst_controller:reset_out:reset_req (reset_req)"
Warning: embedded_system: "No matching role found for rst_controller:reset_out:reset_req (reset_req)"
Warning: embedded_system: "No matching role found for rst_controller:reset_out:reset_req (reset_req)"
Warning: embedded_system: "No matching role found for rst_controller:reset_out:reset_req (reset_req)"
Warning: embedded_system: "No matching role found for rst_controller:reset_out:reset_req (reset_req)"
Warning: embedded_system: "No matching role found for rst_controller:reset_out:reset_req (reset_req)"
Warning: embedded_system: "No matching role found for rst_controller:reset_out:reset_req (reset_req)"
Warning: embedded_system: "No matching role found for rst_controller:reset_out:reset_req (reset_req)"
Warning: embedded_system: "No matching role found for rst_controller:reset_out:reset_req (reset_req)"
Warning: embedded_system: "No matching role found for rst_controller:reset_out:reset_req (reset_req)"
Warning: embedded_system: "No matching role found for rst_controller:reset_out:reset_req (reset_req)"
Warning: embedded_system: "No matching role found for rst_controller:reset_out:reset_req (reset_req)"
Warning: embedded_system: "No matching role found for rst_controller:reset_out:reset_req (reset_req)"
Warning: embedded_system: "No matching role found for rst_controller:reset_out:reset_req (reset_req)"
Warning: embedded_system: "No matching role found for rst_controller:reset_out:reset_req (reset_req)"
Warning: embedded_system: "No matching role found for rst_controller:reset_out:reset_req (reset_req)"
Warning: embedded_system: "No matching role found for rst_controller:reset_out:reset_req (reset_req)"
Warning: embedded_system: "No matching role found for rst_controller:reset_out:reset_req (reset_req)"
Warning: embedded_system: "No matching role found for rst_controller:reset_out:reset_req (reset_req)"
Warning: embedded_system: "No matching role found for rst_controller:reset_out:reset_req (reset_req)"
Warning: embedded_system: "No matching role found for rst_controller:reset_out:reset_req (reset_req)"
Warning: embedded_system: "No matching role found for rst_controller:reset_out:reset_req (reset_req)"
Warning: embedded_system: "No matching role found for rst_controller:reset_out:reset_req (reset_req)"
Warning: embedded_system: "No matching role found for rst_controller:reset_out:reset_req (reset_req)"
Warning: embedded_system: "No matching role found for rst_controller:reset_out:reset_req (reset_req)"
Warning: embedded_system: "No matching role found for rst_controller:reset_out:reset_req (reset_req)"
Warning: embedded_system: "No matching role found for rst_controller:reset_out:reset_req (reset_req)"
Warning: embedded_system: "No matching role found for rst_controller:reset_out:reset_req (reset_req)"
Warning: embedded_system: "No matching role found for rst_controller:reset_out:reset_req (reset_req)"
Warning: embedded_system: "No matching role found for rst_controller:reset_out:reset_req (reset_req)"
Warning: embedded_system: "No matching role found for rst_controller:reset_out:reset_req (reset_req)"
Warning: embedded_system: "No matching role found for rst_controller:reset_out:reset_req (reset_req)"
Warning: embedded_system: "No matching role found for rst_controller:reset_out:reset_req (reset_req)"
Warning: embedded_system: "No matching role found for rst_controller:reset_out:reset_req (reset_req)"
Warning: embedded_system: "No matching role found for rst_controller:reset_out:reset_req (reset_req)"
Warning: embedded_system: "No matching role found for rst_controller:reset_out:reset_req (reset_req)"
Warning: embedded_system: "No matching role found for rst_controller:reset_out:reset_req (reset_req)"
Warning: embedded_system: "No matching role found for rst_controller:reset_out:reset_req (reset_req)"
Warning: embedded_system: "No matching role found for rst_controller:reset_out:reset_req (reset_req)"
Warning: embedded_system: "No matching role found for rst_controller:reset_out:reset_req (reset_req)"
Warning: embedded_system: "No matching role found for rst_controller:reset_out:reset_req (reset_req)"
Warning: embedded_system: "No matching role found for rst_controller:reset_out:reset_req (reset_req)"
Warning: embedded_system: "No matching role found for rst_controller:reset_out:reset_req (reset_req)"
Warning: embedded_system: "No matching role found for rst_controller:reset_out:reset_req (reset_req)"
Warning: embedded_system: "No matching role found for rst_controller:reset_out:reset_req (reset_req)"
Warning: embedded_system: "No matching role found for rst_controller:reset_out:reset_req (reset_req)"
Warning: embedded_system: "No matching role found for rst_controller:reset_out:reset_req (reset_req)"
Warning: embedded_system: "No matching role found for rst_controller:reset_out:reset_req (reset_req)"
Warning: embedded_system: "No matching role found for rst_controller:reset_out:reset_req (reset_req)"
Warning: embedded_system: "No matching role found for rst_controller:reset_out:reset_req (reset_req)"
Warning: embedded_system: "No matching role found for rst_controller:reset_out:reset_req (reset_req)"
Warning: embedded_system: "No matching role found for rst_controller:reset_out:reset_req (reset_req)"
Warning: embedded_system: "No matching role found for rst_controller:reset_out:reset_req (reset_req)"
Warning: embedded_system: "No matching role found for rst_controller:reset_out:reset_req (reset_req)"
Warning: embedded_system: "No matching role found for rst_controller:reset_out:reset_req (reset_req)"
Warning: embedded_system: "No matching role found for rst_controller:reset_out:reset_req (reset_req)"
Warning: embedded_system: "No matching role found for rst_controller:reset_out:reset_req (reset_req)"
Warning: embedded_system: "No matching role found for rst_controller:reset_out:reset_req (reset_req)"
Warning: embedded_system: "No matching role found for rst_controller:reset_out:reset_req (reset_req)"
Warning: embedded_system: "No matching role found for rst_controller:reset_out:reset_req (reset_req)"
Info: Onchip_memory: Starting RTL generation for module 'embedded_system_Onchip_memory'
Info: Onchip_memory:   Generation command is [exec C:/altera/13.0sp1/quartus/bin/perl/bin/perl.exe -I C:/altera/13.0sp1/quartus/common/ip/altera/common/perl/5.8.3 -I C:/altera/13.0sp1/quartus/sopc_builder/bin/europa -I C:/altera/13.0sp1/quartus/sopc_builder/bin/perl_lib -I C:/altera/13.0sp1/quartus/sopc_builder/bin -I C:/altera/13.0sp1/quartus/../ip/altera/sopc_builder_ip/common -I C:/altera/13.0sp1/quartus/../ip/altera/sopc_builder_ip/altera_avalon_onchip_memory2 -- C:/altera/13.0sp1/quartus/../ip/altera/sopc_builder_ip/altera_avalon_onchip_memory2/generate_rtl.pl --name=embedded_system_Onchip_memory --dir=C:/Users/jdouble/AppData/Local/Temp/alt0585_7232920505744755758.dir/0041_Onchip_memory_gen/ --quartus_dir=C:/altera/13.0sp1/quartus --verilog --config=C:/Users/jdouble/AppData/Local/Temp/alt0585_7232920505744755758.dir/0041_Onchip_memory_gen//embedded_system_Onchip_memory_component_configuration.pl  --do_build_sim=0  ]
Info: Onchip_memory: Done RTL generation for module 'embedded_system_Onchip_memory'
Info: Onchip_memory: "embedded_system" instantiated altera_avalon_onchip_memory2 "Onchip_memory"
Info: JTAG_UART: Starting RTL generation for module 'embedded_system_JTAG_UART'
Info: JTAG_UART:   Generation command is [exec C:/altera/13.0sp1/quartus/bin/perl/bin/perl.exe -I C:/altera/13.0sp1/quartus/common/ip/altera/common/perl/5.8.3 -I C:/altera/13.0sp1/quartus/sopc_builder/bin/europa -I C:/altera/13.0sp1/quartus/sopc_builder/bin/perl_lib -I C:/altera/13.0sp1/quartus/sopc_builder/bin -I C:/altera/13.0sp1/quartus/../ip/altera/sopc_builder_ip/common -I C:/altera/13.0sp1/quartus/../ip/altera/sopc_builder_ip/altera_avalon_jtag_uart -- C:/altera/13.0sp1/quartus/../ip/altera/sopc_builder_ip/altera_avalon_jtag_uart/generate_rtl.pl --name=embedded_system_JTAG_UART --dir=C:/Users/jdouble/AppData/Local/Temp/alt0585_7232920505744755758.dir/0042_JTAG_UART_gen/ --quartus_dir=C:/altera/13.0sp1/quartus --verilog --config=C:/Users/jdouble/AppData/Local/Temp/alt0585_7232920505744755758.dir/0042_JTAG_UART_gen//embedded_system_JTAG_UART_component_configuration.pl  --do_build_sim=0  ]
Info: JTAG_UART: Done RTL generation for module 'embedded_system_JTAG_UART'
Info: JTAG_UART: "embedded_system" instantiated altera_avalon_jtag_uart "JTAG_UART"
Info: Interval_timer: Starting RTL generation for module 'embedded_system_Interval_timer'
Info: Interval_timer:   Generation command is [exec C:/altera/13.0sp1/quartus/bin/perl/bin/perl.exe -I C:/altera/13.0sp1/quartus/common/ip/altera/common/perl/5.8.3 -I C:/altera/13.0sp1/quartus/sopc_builder/bin/europa -I C:/altera/13.0sp1/quartus/sopc_builder/bin/perl_lib -I C:/altera/13.0sp1/quartus/sopc_builder/bin -I C:/altera/13.0sp1/quartus/../ip/altera/sopc_builder_ip/common -I C:/altera/13.0sp1/quartus/../ip/altera/sopc_builder_ip/altera_avalon_timer -- C:/altera/13.0sp1/quartus/../ip/altera/sopc_builder_ip/altera_avalon_timer/generate_rtl.pl --name=embedded_system_Interval_timer --dir=C:/Users/jdouble/AppData/Local/Temp/alt0585_7232920505744755758.dir/0043_Interval_timer_gen/ --quartus_dir=C:/altera/13.0sp1/quartus --verilog --config=C:/Users/jdouble/AppData/Local/Temp/alt0585_7232920505744755758.dir/0043_Interval_timer_gen//embedded_system_Interval_timer_component_configuration.pl  --do_build_sim=0  ]
Info: Interval_timer: Done RTL generation for module 'embedded_system_Interval_timer'
Info: Interval_timer: "embedded_system" instantiated altera_avalon_timer "Interval_timer"
Info: sdram: Starting RTL generation for module 'embedded_system_sdram'
Info: sdram:   Generation command is [exec C:/altera/13.0sp1/quartus/bin/perl/bin/perl.exe -I C:/altera/13.0sp1/quartus/common/ip/altera/common/perl/5.8.3 -I C:/altera/13.0sp1/quartus/sopc_builder/bin/europa -I C:/altera/13.0sp1/quartus/sopc_builder/bin/perl_lib -I C:/altera/13.0sp1/quartus/sopc_builder/bin -I C:/altera/13.0sp1/quartus/../ip/altera/sopc_builder_ip/common -I C:/altera/13.0sp1/quartus/../ip/altera/sopc_builder_ip/altera_avalon_new_sdram_controller -- C:/altera/13.0sp1/quartus/../ip/altera/sopc_builder_ip/altera_avalon_new_sdram_controller/generate_rtl.pl --name=embedded_system_sdram --dir=C:/Users/jdouble/AppData/Local/Temp/alt0585_7232920505744755758.dir/0044_sdram_gen/ --quartus_dir=C:/altera/13.0sp1/quartus --verilog --config=C:/Users/jdouble/AppData/Local/Temp/alt0585_7232920505744755758.dir/0044_sdram_gen//embedded_system_sdram_component_configuration.pl  --do_build_sim=0  ]
Info: sdram: Done RTL generation for module 'embedded_system_sdram'
Info: sdram: "embedded_system" instantiated altera_avalon_new_sdram_controller "sdram"
Info: Red_LEDs: Starting Generation of Parallel Port
Info: Red_LEDs: "embedded_system" instantiated altera_up_avalon_parallel_port "Red_LEDs"
Info: Green_LEDs: Starting Generation of Parallel Port
Info: Green_LEDs: "embedded_system" instantiated altera_up_avalon_parallel_port "Green_LEDs"
Info: HEX3_HEX0: Starting Generation of Parallel Port
Info: HEX3_HEX0: "embedded_system" instantiated altera_up_avalon_parallel_port "HEX3_HEX0"
Info: Slider_switches: Starting Generation of Parallel Port
Info: Slider_switches: "embedded_system" instantiated altera_up_avalon_parallel_port "Slider_switches"
Info: Pushbuttons: Starting Generation of Parallel Port
Info: Pushbuttons: "embedded_system" instantiated altera_up_avalon_parallel_port "Pushbuttons"
Info: Expansion_JP1: Starting Generation of Parallel Port
Info: Expansion_JP1: "embedded_system" instantiated altera_up_avalon_parallel_port "Expansion_JP1"
Info: Expansion_JP2: Starting Generation of Parallel Port
Info: Expansion_JP2: "embedded_system" instantiated altera_up_avalon_parallel_port "Expansion_JP2"
Info: Serial_port: Starting Generation of RS232 UART
Info: Serial_port: "embedded_system" instantiated altera_up_avalon_rs232 "Serial_port"
Info: SRAM: Starting Generation of SRAM or SSRAM Controller
Info: SRAM: "embedded_system" instantiated altera_up_avalon_sram "SRAM"
Info: cpu: Starting RTL generation for module 'embedded_system_cpu'
Info: cpu:   Generation command is [exec C:/altera/13.0sp1/quartus/../ip/altera/nios2_ip/altera_nios2/eperl.exe -I C:/altera/13.0sp1/quartus/common/ip/altera/common/perl/5.8.3 -I C:/altera/13.0sp1/quartus/sopc_builder/bin/europa -I C:/altera/13.0sp1/quartus/sopc_builder/bin/perl_lib -I C:/altera/13.0sp1/quartus/sopc_builder/bin -I C:/altera/13.0sp1/quartus/../ip/altera/nios2_ip/altera_nios2/cpu_lib -I C:/altera/13.0sp1/quartus/../ip/altera/nios2_ip/altera_nios2/nios_lib -I C:/altera/13.0sp1/quartus/../ip/altera/nios2_ip/altera_nios2 -I C:/altera/13.0sp1/quartus/../ip/altera/nios2_ip/altera_nios2 -- C:/altera/13.0sp1/quartus/../ip/altera/nios2_ip/altera_nios2/generate_rtl.epl --name=embedded_system_cpu --dir=C:/Users/jdouble/AppData/Local/Temp/alt0585_7232920505744755758.dir/0054_cpu_gen/ --quartus_dir=C:/altera/13.0sp1/quartus --verilog --config=C:/Users/jdouble/AppData/Local/Temp/alt0585_7232920505744755758.dir/0054_cpu_gen//embedded_system_cpu_processor_configuration.pl  --do_build_sim=0    --bogus  ]
Info: cpu: # 2026.05.12 11:24:16 (*) Starting Nios II generation
Info: cpu: # 2026.05.12 11:24:16 (*)   Checking for plaintext license.
Info: cpu: # 2026.05.12 11:24:33 (*)   Plaintext license not found.
Info: cpu: # 2026.05.12 11:24:33 (*)   No license required to generate encrypted Nios II/e.
Info: cpu: # 2026.05.12 11:24:33 (*)   Elaborating CPU configuration settings
Info: cpu: # 2026.05.12 11:24:33 (*)   Creating all objects for CPU
Info: cpu: # 2026.05.12 11:24:34 (*)   Generating RTL from CPU objects
Info: cpu: # 2026.05.12 11:24:34 (*)   Creating plain-text RTL
Info: cpu: # 2026.05.12 11:24:35 (*) Done Nios II generation
Info: cpu: Done RTL generation for module 'embedded_system_cpu'
Info: cpu: "embedded_system" instantiated altera_nios2_qsys "cpu"
Info: reg16_avalon_interface_0: "embedded_system" instantiated reg16_avalon_interface "reg16_avalon_interface_0"
Info: cpu_instruction_master_translator: "embedded_system" instantiated altera_merlin_master_translator "cpu_instruction_master_translator"
Info: cpu_jtag_debug_module_translator: "embedded_system" instantiated altera_merlin_slave_translator "cpu_jtag_debug_module_translator"
Info: cpu_instruction_master_translator_avalon_universal_master_0_agent: "embedded_system" instantiated altera_merlin_master_agent "cpu_instruction_master_translator_avalon_universal_master_0_agent"
Info: cpu_jtag_debug_module_translator_avalon_universal_slave_0_agent: "embedded_system" instantiated altera_merlin_slave_agent "cpu_jtag_debug_module_translator_avalon_universal_slave_0_agent"
Info: cpu_jtag_debug_module_translator_avalon_universal_slave_0_agent_rsp_fifo: "embedded_system" instantiated altera_avalon_sc_fifo "cpu_jtag_debug_module_translator_avalon_universal_slave_0_agent_rsp_fifo"
Info: addr_router: "embedded_system" instantiated altera_merlin_router "addr_router"
Info: addr_router_001: "embedded_system" instantiated altera_merlin_router "addr_router_001"
Info: id_router: "embedded_system" instantiated altera_merlin_router "id_router"
Info: id_router_001: "embedded_system" instantiated altera_merlin_router "id_router_001"
Info: id_router_002: "embedded_system" instantiated altera_merlin_router "id_router_002"
Info: id_router_004: "embedded_system" instantiated altera_merlin_router "id_router_004"
Info: id_router_015: "embedded_system" instantiated altera_merlin_router "id_router_015"
Info: burst_adapter: "embedded_system" instantiated altera_merlin_burst_adapter "burst_adapter"
Info: rst_controller: "embedded_system" instantiated altera_reset_controller "rst_controller"
Info: cmd_xbar_demux: "embedded_system" instantiated altera_merlin_demultiplexer "cmd_xbar_demux"
Info: cmd_xbar_demux_001: "embedded_system" instantiated altera_merlin_demultiplexer "cmd_xbar_demux_001"
Info: cmd_xbar_mux: "embedded_system" instantiated altera_merlin_multiplexer "cmd_xbar_mux"
Info: rsp_xbar_demux: "embedded_system" instantiated altera_merlin_demultiplexer "rsp_xbar_demux"
Info: rsp_xbar_demux_001: "embedded_system" instantiated altera_merlin_demultiplexer "rsp_xbar_demux_001"
Info: rsp_xbar_mux: "embedded_system" instantiated altera_merlin_multiplexer "rsp_xbar_mux"
Info: Reusing file C:/Users/jdouble/Documents/TP_Systeme OnShip/DE1_Basic_Computer/vhdl/embedded_system/synthesis/submodules/altera_merlin_arbitrator.sv
Info: rsp_xbar_mux_001: "embedded_system" instantiated altera_merlin_multiplexer "rsp_xbar_mux_001"
Info: Reusing file C:/Users/jdouble/Documents/TP_Systeme OnShip/DE1_Basic_Computer/vhdl/embedded_system/synthesis/submodules/altera_merlin_arbitrator.sv
Info: width_adapter: "embedded_system" instantiated altera_merlin_width_adapter "width_adapter"
Info: Reusing file C:/Users/jdouble/Documents/TP_Systeme OnShip/DE1_Basic_Computer/vhdl/embedded_system/synthesis/submodules/altera_merlin_address_alignment.sv
Info: Reusing file C:/Users/jdouble/Documents/TP_Systeme OnShip/DE1_Basic_Computer/vhdl/embedded_system/synthesis/submodules/altera_merlin_burst_uncompressor.sv
Info: irq_mapper: "embedded_system" instantiated altera_irq_mapper "irq_mapper"
Info: embedded_system: Done embedded_system" with 39 modules, 213 files, 4735370 bytes
Info: ip-generate succeeded.
Info: Finished: Create HDL design files for synthesis
